<?xml version="1.0" encoding="UTF-8"?>
<testsuite xmlns:xsi="http://www.w3.org/2001/XMLSchema-instance" xsi:noNamespaceSchemaLocation="https://maven.apache.org/surefire/maven-surefire-plugin/xsd/surefire-test-report-3.0.xsd" version="3.0" name="TestSuite" time="53.82" tests="3" errors="0" skipped="2" failures="1">
  <properties>
[...]
</properties>
  <testcase name="setUp" classname="tests.SignUpTest" time="53.599">
    <failure message="java.lang.NoSuchMethodException: jdk.proxy2.$Proxy6.proxyClassLookup()" type="java.lang.RuntimeException"><![CDATA[java.lang.RuntimeException: java.lang.NoSuchMethodException: jdk.proxy2.$Proxy6.proxyClassLookup()
Caused by: java.lang.NoSuchMethodException: jdk.proxy2.$Proxy6.proxyClassLookup()
]]></failure>
    <system-err><![CDATA[Dec 02, 2021 11:55:38 AM io.appium.java_client.remote.AppiumCommandExecutor$1 lambda$0
INFO: Detected dialect: OSS
]]></system-err>
  </testcase>
  <testcase name="CreateAccountTest" classname="tests.SignUpTest" time="0">
    <skipped message="java.lang.NoSuchMethodException: jdk.proxy2.$Proxy6.proxyClassLookup()"/>
  </testcase>
  <testcase name="tearDown" classname="tests.SignUpTest" time="0">
    <skipped/>
  </testcase>
</testsuite>